-------------------------------------------------------------------------------
Test set: com.jfrog.bk.test.UtilsTest
-------------------------------------------------------------------------------
Tests run: 3, Failures: 1, Errors: 0, Skipped: 0, Time elapsed: 0.257 sec <<< FAILURE! - in com.jfrog.bk.test.UtilsTest
addTest3(com.jfrog.bk.test.UtilsTest)  Time elapsed: 0.012 sec  <<< FAILURE!
java.lang.AssertionError: expected:<2> but was:<3>
	at org.junit.Assert.fail(Assert.java:88)
	at org.junit.Assert.failNotEquals(Assert.java:834)
	at org.junit.Assert.assertEquals(Assert.java:645)
	at org.junit.Assert.assertEquals(Assert.java:631)
	at com.jfrog.bk.test.UtilsTest.addTest3(UtilsTest.java:24)

